mode: set
belajar-api/app/features/user/usecase/logic.go:15.42,19.2 1 1
belajar-api/app/features/user/usecase/logic.go:21.75,23.16 2 1
belajar-api/app/features/user/usecase/logic.go:32.2,32.20 1 1
belajar-api/app/features/user/usecase/logic.go:23.16,24.55 1 1
belajar-api/app/features/user/usecase/logic.go:29.3,29.70 1 1
belajar-api/app/features/user/usecase/logic.go:24.55,26.4 1 1
belajar-api/app/features/user/usecase/logic.go:26.9,26.52 1 1
belajar-api/app/features/user/usecase/logic.go:26.52,28.4 1 0
belajar-api/app/features/user/usecase/logic.go:35.56,37.16 2 1
belajar-api/app/features/user/usecase/logic.go:42.2,42.12 1 1
belajar-api/app/features/user/usecase/logic.go:37.16,40.3 2 1
